Starting…
Running 'Verilator.Lint' at 'src/runs/aggressive/01-verilator-lint'…
Logging subprocess to [repr.filename]'src/runs/aggressive/01-verilator-lint/verilator-lint.log'[/repr.filename]…
Starting…
Running 'Verilator.Lint' at 'src/runs/aggressive/02-verilator-lint'…
Logging subprocess to [repr.filename]'src/runs/aggressive/02-verilator-lint/verilator-lint.log'[/repr.filename]…
Running 'Checker.LintTimingConstructs' at 'src/runs/aggressive/03-checker-linttimingconstructs'…
Check for Lint Timing Errors clear.
Running 'Checker.LintErrors' at 'src/runs/aggressive/04-checker-linterrors'…
Check for Lint errors clear.
Running 'Checker.LintWarnings' at 'src/runs/aggressive/05-checker-lintwarnings'…
102 Lint warnings found.
Running 'Yosys.JsonHeader' at 'src/runs/aggressive/06-yosys-jsonheader'…
Logging subprocess to [repr.filename]'src/runs/aggressive/06-yosys-jsonheader/yosys-jsonheader.log'[/repr.filename]…
Running 'Yosys.Synthesis' at 'src/runs/aggressive/07-yosys-synthesis'…
Logging subprocess to [repr.filename]'src/runs/aggressive/07-yosys-synthesis/yosys-synthesis.log'[/repr.filename]…
Parsing synthesis checks…
Running 'Checker.YosysUnmappedCells' at 'src/runs/aggressive/08-checker-yosysunmappedcells'…
Check for Unmapped Yosys instances clear.
Running 'Checker.YosysSynthChecks' at 'src/runs/aggressive/09-checker-yosyssynthchecks'…
Check for Yosys check errors clear.
Running 'Checker.NetlistAssignStatements' at 'src/runs/aggressive/10-checker-netlistassignstatements'…
Running 'OpenROAD.CheckSDCFiles' at 'src/runs/aggressive/11-openroad-checksdcfiles'…
'PNR_SDC_FILE' is not defined. Using generic fallback SDC for OpenROAD PnR steps.
'SIGNOFF_SDC_FILE' is not defined. Using generic fallback SDC for OpenROAD PnR steps.
Running 'OpenROAD.CheckMacroInstances' at 'src/runs/aggressive/12-openroad-checkmacroinstances'…
No macros found, skipping instance check…
Running 'OpenROAD.STAPrePNR' at 'src/runs/aggressive/13-openroad-staprepnr'…
Starting STA for the nom_tt_025C_1v80 timing corner…
Starting STA for the nom_ss_100C_1v60 timing corner…
Starting STA for the nom_ff_n40C_1v95 timing corner…
Skipping corner min_tt_025C_1v80 for STA (identical to nom_tt_025C_1v80 at this stage)…
Skipping corner min_ss_100C_1v60 for STA (identical to nom_ss_100C_1v60 at this stage)…
Skipping corner min_ff_n40C_1v95 for STA (identical to nom_ff_n40C_1v95 at this stage)…
Skipping corner max_tt_025C_1v80 for STA (identical to nom_tt_025C_1v80 at this stage)…
Skipping corner max_ss_100C_1v60 for STA (identical to nom_ss_100C_1v60 at this stage)…
Skipping corner max_ff_n40C_1v95 for STA (identical to nom_ff_n40C_1v95 at this stage)…
Logging subprocess to [repr.filename]'src/runs/aggressive/13-openroad-staprepnr/nom_tt_025C_1v80/sta.log'[/repr.filename]…
Logging subprocess to [repr.filename]'src/runs/aggressive/13-openroad-staprepnr/nom_ss_100C_1v60/sta.log'[/repr.filename]…
Logging subprocess to [repr.filename]'src/runs/aggressive/13-openroad-staprepnr/nom_ff_n40C_1v95/sta.log'[/repr.filename]…
Finished STA for the nom_tt_025C_1v80 timing corner.
Finished STA for the nom_ff_n40C_1v95 timing corner.
Finished STA for the nom_ss_100C_1v60 timing corner.
Running 'OpenROAD.Floorplan' at 'src/runs/aggressive/14-openroad-floorplan'…
Logging subprocess to [repr.filename]'src/runs/aggressive/14-openroad-floorplan/openroad-floorplan.log'[/repr.filename]…
Running 'Odb.CheckMacroAntennaProperties' at 'src/runs/aggressive/15-odb-checkmacroantennaproperties'…
No cells provided, skipping…
Running 'Odb.SetPowerConnections' at 'src/runs/aggressive/16-odb-setpowerconnections'…
Logging subprocess to [repr.filename]'src/runs/aggressive/16-odb-setpowerconnections/odb-setpowerconnections.log'[/repr.filename]…
Running 'Odb.ManualMacroPlacement' at 'src/runs/aggressive/17-odb-manualmacroplacement'…
No instances found, skipping 'Odb.ManualMacroPlacement'…
Running 'OpenROAD.CutRows' at 'src/runs/aggressive/18-openroad-cutrows'…
Logging subprocess to [repr.filename]'src/runs/aggressive/18-openroad-cutrows/openroad-cutrows.log'[/repr.filename]…
Running 'OpenROAD.TapEndcapInsertion' at 'src/runs/aggressive/19-openroad-tapendcapinsertion'…
Logging subprocess to [repr.filename]'src/runs/aggressive/19-openroad-tapendcapinsertion/openroad-tapendcapinsertion.log'[/repr.filename]…
Running 'Odb.AddPDNObstructions' at 'src/runs/aggressive/20-odb-addpdnobstructions'…
'PDN_OBSTRUCTIONS' is not defined. Skipping 'Odb.AddPDNObstructions'…
Running 'OpenROAD.GeneratePDN' at 'src/runs/aggressive/21-openroad-generatepdn'…
'FP_PDN_CFG' not explicitly set, setting it to /nix/store/pqxyc4xmydcs5adig47yyc29r3svp5nx-python3-3.11.9-env/lib/python3.11/site-packages/librelane/scripts/openroad/common/pdn_cfg.tcl…
Logging subprocess to [repr.filename]'src/runs/aggressive/21-openroad-generatepdn/openroad-generatepdn.log'[/repr.filename]…
Running 'Odb.RemovePDNObstructions' at 'src/runs/aggressive/22-odb-removepdnobstructions'…
'PDN_OBSTRUCTIONS' is not defined. Skipping 'Odb.RemovePDNObstructions'…
Running 'Odb.AddRoutingObstructions' at 'src/runs/aggressive/23-odb-addroutingobstructions'…
'ROUTING_OBSTRUCTIONS' is not defined. Skipping 'Odb.AddRoutingObstructions'…
Running 'OpenROAD.GlobalPlacementSkipIO' at 'src/runs/aggressive/24-openroad-globalplacementskipio'…
I/O pins were loaded from /mnt/d/aoc_tapeout/advent_of_fpga_2025_day_12_tiny_tapeout/tt/tech/sky130A/def/tt_block_4x2_pg.def. Skipping the first global placement iteration…
Running 'OpenROAD.IOPlacement' at 'src/runs/aggressive/25-openroad-ioplacement'…
I/O pins were loaded from /mnt/d/aoc_tapeout/advent_of_fpga_2025_day_12_tiny_tapeout/tt/tech/sky130A/def/tt_block_4x2_pg.def. Skipping OpenROAD.IOPlacement…
Running 'Odb.CustomIOPlacement' at 'src/runs/aggressive/26-odb-customioplacement'…
No custom floorplan file configured, skipping…
Running 'Odb.ApplyDEFTemplate' at 'src/runs/aggressive/27-odb-applydeftemplate'…
Logging subprocess to [repr.filename]'src/runs/aggressive/27-odb-applydeftemplate/odb-applydeftemplate.log'[/repr.filename]…
Bterm VPWR is declared as a 'POWER' pin. It will be ignored.
Bterm VGND is declared as a 'GROUND' pin. It will be ignored.
Running 'OpenROAD.GlobalPlacement' at 'src/runs/aggressive/28-openroad-globalplacement'…
Logging subprocess to [repr.filename]'src/runs/aggressive/28-openroad-globalplacement/openroad-globalplacement.log'[/repr.filename]…
Running 'Odb.WriteVerilogHeader' at 'src/runs/aggressive/29-odb-writeverilogheader'…
Logging subprocess to [repr.filename]'src/runs/aggressive/29-odb-writeverilogheader/odb-writeverilogheader.log'[/repr.filename]…
Running 'Checker.PowerGridViolations' at 'src/runs/aggressive/30-checker-powergridviolations'…
Check for power grid violations (as reported by OpenROAD PSM- you may ignore these if LVS passes) clear.
Running 'OpenROAD.STAMidPNR' at 'src/runs/aggressive/31-openroad-stamidpnr'…
Logging subprocess to [repr.filename]'src/runs/aggressive/31-openroad-stamidpnr/openroad-stamidpnr.log'[/repr.filename]…
[GRT-0097] No global routing found for nets.
Running 'OpenROAD.RepairDesignPostGPL' at 'src/runs/aggressive/32-openroad-repairdesignpostgpl'…
Logging subprocess to [repr.filename]'src/runs/aggressive/32-openroad-repairdesignpostgpl/openroad-repairdesignpostgpl.log'[/repr.filename]…
Running 'Odb.ManualGlobalPlacement' at 'src/runs/aggressive/33-odb-manualglobalplacement'…
'MANUAL_GLOBAL_PLACEMENTS' not set, skipping…
Running 'OpenROAD.DetailedPlacement' at 'src/runs/aggressive/34-openroad-detailedplacement'…
Logging subprocess to [repr.filename]'src/runs/aggressive/34-openroad-detailedplacement/openroad-detailedplacement.log'[/repr.filename]…
Running 'OpenROAD.CTS' at 'src/runs/aggressive/35-openroad-cts'…
Logging subprocess to [repr.filename]'src/runs/aggressive/35-openroad-cts/openroad-cts.log'[/repr.filename]…
Running 'OpenROAD.STAMidPNR-1' at 'src/runs/aggressive/36-openroad-stamidpnr-1'…
Logging subprocess to [repr.filename]'src/runs/aggressive/36-openroad-stamidpnr-1/openroad-stamidpnr-1.log'[/repr.filename]…
[GRT-0097] No global routing found for nets.
Running 'OpenROAD.ResizerTimingPostCTS' at 'src/runs/aggressive/37-openroad-resizertimingpostcts'…
Logging subprocess to [repr.filename]'src/runs/aggressive/37-openroad-resizertimingpostcts/openroad-resizertimingpostcts.log'[/repr.filename]…
[RSZ-0062] Unable to repair all setup violations.
Running 'OpenROAD.STAMidPNR-2' at 'src/runs/aggressive/38-openroad-stamidpnr-2'…
Logging subprocess to [repr.filename]'src/runs/aggressive/38-openroad-stamidpnr-2/openroad-stamidpnr-2.log'[/repr.filename]…
[GRT-0097] No global routing found for nets.
Running 'OpenROAD.GlobalRouting' at 'src/runs/aggressive/39-openroad-globalrouting'…
Logging subprocess to [repr.filename]'src/runs/aggressive/39-openroad-globalrouting/openroad-globalrouting.log'[/repr.filename]…
Running 'OpenROAD.CheckAntennas' at 'src/runs/aggressive/40-openroad-checkantennas'…
Logging subprocess to [repr.filename]'src/runs/aggressive/40-openroad-checkantennas/openroad-checkantennas.log'[/repr.filename]…
Gating variable for step 'OpenROAD.RepairDesignPostGRT' set to 'False'- the step will be skipped.
Skipping step 'Repair Design (Post-Global Routing)'…
Running 'Odb.DiodesOnPorts' at 'src/runs/aggressive/41-odb-diodesonports'…
'DIODE_ON_PORTS' is set to 'none': skipping…
Gating variable for step 'Odb.HeuristicDiodeInsertion' set to 'False'- the step will be skipped.
Skipping step 'Heuristic Diode Insertion'…
Running 'OpenROAD.RepairAntennas' at 'src/runs/aggressive/42-openroad-repairantennas'…
Running 'DiodeInsertion' at 'src/runs/aggressive/42-openroad-repairantennas/1-diodeinsertion'…
Logging subprocess to [repr.filename]'src/runs/aggressive/42-openroad-repairantennas/1-diodeinsertion/diodeinsertion.log'[/repr.filename]…
Running 'OpenROAD.CheckAntennas' at 'src/runs/aggressive/42-openroad-repairantennas/2-openroad-checkantennas'…
Logging subprocess to [repr.filename]'src/runs/aggressive/42-openroad-repairantennas/2-openroad-checkantennas/openroad-checkantennas.log'[/repr.filename]…
Gating variable for step 'OpenROAD.ResizerTimingPostGRT' set to 'False'- the step will be skipped.
Skipping step 'Resizer Timing Optimizations (Post-Global Routing)'…
Running 'OpenROAD.STAMidPNR-3' at 'src/runs/aggressive/43-openroad-stamidpnr-3'…
Logging subprocess to [repr.filename]'src/runs/aggressive/43-openroad-stamidpnr-3/openroad-stamidpnr-3.log'[/repr.filename]…
Running 'OpenROAD.DetailedRouting' at 'src/runs/aggressive/44-openroad-detailedrouting'…
Running TritonRoute with 8 threads…
Logging subprocess to [repr.filename]'src/runs/aggressive/44-openroad-detailedrouting/openroad-detailedrouting.log'[/repr.filename]…
[DRT-0349] LEF58_ENCLOSURE with no CUTCLASS is not supported. Skipping for layer mcon
[DRT-0349] LEF58_ENCLOSURE with no CUTCLASS is not supported. Skipping for layer mcon
[DRT-0349] LEF58_ENCLOSURE with no CUTCLASS is not supported. Skipping for layer via
[DRT-0349] LEF58_ENCLOSURE with no CUTCLASS is not supported. Skipping for layer via
[DRT-0349] LEF58_ENCLOSURE with no CUTCLASS is not supported. Skipping for layer via2
[DRT-0349] LEF58_ENCLOSURE with no CUTCLASS is not supported. Skipping for layer via2
[DRT-0349] LEF58_ENCLOSURE with no CUTCLASS is not supported. Skipping for layer via3
[DRT-0349] LEF58_ENCLOSURE with no CUTCLASS is not supported. Skipping for layer via3
[DRT-0349] LEF58_ENCLOSURE with no CUTCLASS is not supported. Skipping for layer via4
[DRT-0349] LEF58_ENCLOSURE with no CUTCLASS is not supported. Skipping for layer via4
Running 'Odb.RemoveRoutingObstructions' at 'src/runs/aggressive/45-odb-removeroutingobstructions'…
'ROUTING_OBSTRUCTIONS' is not defined. Skipping 'Odb.RemoveRoutingObstructions'…
Running 'OpenROAD.CheckAntennas-1' at 'src/runs/aggressive/46-openroad-checkantennas-1'…
Logging subprocess to [repr.filename]'src/runs/aggressive/46-openroad-checkantennas-1/openroad-checkantennas-1.log'[/repr.filename]…
Running 'Checker.TrDRC' at 'src/runs/aggressive/47-checker-trdrc'…
Check for Routing DRC errors clear.
Running 'Odb.ReportDisconnectedPins' at 'src/runs/aggressive/48-odb-reportdisconnectedpins'…
Logging subprocess to [repr.filename]'src/runs/aggressive/48-odb-reportdisconnectedpins/odb-reportdisconnectedpins.log'[/repr.filename]…
Running 'Checker.DisconnectedPins' at 'src/runs/aggressive/49-checker-disconnectedpins'…
Check for critical disconnected pins clear.
Running 'Odb.ReportWireLength' at 'src/runs/aggressive/50-odb-reportwirelength'…
Logging subprocess to [repr.filename]'src/runs/aggressive/50-odb-reportwirelength/odb-reportwirelength.log'[/repr.filename]…
Running 'Checker.WireLength' at 'src/runs/aggressive/51-checker-wirelength'…
Threshold for Threshold-surpassing long wires is not set. The checker will be skipped.
Running 'OpenROAD.FillInsertion' at 'src/runs/aggressive/52-openroad-fillinsertion'…
Logging subprocess to [repr.filename]'src/runs/aggressive/52-openroad-fillinsertion/openroad-fillinsertion.log'[/repr.filename]…
Running 'Odb.CellFrequencyTables' at 'src/runs/aggressive/53-odb-cellfrequencytables'…
Logging subprocess to [repr.filename]'src/runs/aggressive/53-odb-cellfrequencytables/buffer_list.txt'[/repr.filename]…
Logging subprocess to [repr.filename]'src/runs/aggressive/53-odb-cellfrequencytables/odb-cellfrequencytables.log'[/repr.filename]…
Running 'OpenROAD.RCX' at 'src/runs/aggressive/54-openroad-rcx'…
Running RCX for corners matching nom_* (/mnt/d/aoc_tapeout/advent_of_fpga_2025_day_12_tiny_tapeout/src/runs/aggressive/54-openroad-rcx/nom/rcx.log)…
Running RCX for corners matching min_* (/mnt/d/aoc_tapeout/advent_of_fpga_2025_day_12_tiny_tapeout/src/runs/aggressive/54-openroad-rcx/min/rcx.log)…
Running RCX for corners matching max_* (/mnt/d/aoc_tapeout/advent_of_fpga_2025_day_12_tiny_tapeout/src/runs/aggressive/54-openroad-rcx/max/rcx.log)…
Logging subprocess to [repr.filename]'src/runs/aggressive/54-openroad-rcx/min/rcx.log'[/repr.filename]…
Logging subprocess to [repr.filename]'src/runs/aggressive/54-openroad-rcx/max/rcx.log'[/repr.filename]…
Logging subprocess to [repr.filename]'src/runs/aggressive/54-openroad-rcx/nom/rcx.log'[/repr.filename]…
Finished RCX for corners matching min_*.
Finished RCX for corners matching nom_*.
Finished RCX for corners matching max_*.
Running 'OpenROAD.STAPostPNR' at 'src/runs/aggressive/55-openroad-stapostpnr'…
Starting STA for the nom_tt_025C_1v80 timing corner…
Starting STA for the nom_ss_100C_1v60 timing corner…
Starting STA for the nom_ff_n40C_1v95 timing corner…
Starting STA for the min_tt_025C_1v80 timing corner…
Starting STA for the min_ss_100C_1v60 timing corner…
Starting STA for the min_ff_n40C_1v95 timing corner…
Logging subprocess to [repr.filename]'src/runs/aggressive/55-openroad-stapostpnr/nom_ss_100C_1v60/sta.log'[/repr.filename]…
Starting STA for the max_tt_025C_1v80 timing corner…
Starting STA for the max_ss_100C_1v60 timing corner…
Logging subprocess to [repr.filename]'src/runs/aggressive/55-openroad-stapostpnr/nom_tt_025C_1v80/sta.log'[/repr.filename]…
Logging subprocess to [repr.filename]'src/runs/aggressive/55-openroad-stapostpnr/min_ss_100C_1v60/sta.log'[/repr.filename]…
Logging subprocess to [repr.filename]'src/runs/aggressive/55-openroad-stapostpnr/min_tt_025C_1v80/sta.log'[/repr.filename]…
Logging subprocess to [repr.filename]'src/runs/aggressive/55-openroad-stapostpnr/nom_ff_n40C_1v95/sta.log'[/repr.filename]…
Logging subprocess to [repr.filename]'src/runs/aggressive/55-openroad-stapostpnr/min_ff_n40C_1v95/sta.log'[/repr.filename]…
Logging subprocess to [repr.filename]'src/runs/aggressive/55-openroad-stapostpnr/max_ss_100C_1v60/sta.log'[/repr.filename]…
Logging subprocess to [repr.filename]'src/runs/aggressive/55-openroad-stapostpnr/max_tt_025C_1v80/sta.log'[/repr.filename]…
Finished STA for the min_ss_100C_1v60 timing corner.
Logging subprocess to [repr.filename]'src/runs/aggressive/55-openroad-stapostpnr/min_ss_100C_1v60/filter_unannotated.log'[/repr.filename]…
Finished STA for the nom_ss_100C_1v60 timing corner.
Logging subprocess to [repr.filename]'src/runs/aggressive/55-openroad-stapostpnr/nom_ss_100C_1v60/filter_unannotated.log'[/repr.filename]…
Finished STA for the max_ss_100C_1v60 timing corner.
Logging subprocess to [repr.filename]'src/runs/aggressive/55-openroad-stapostpnr/max_ss_100C_1v60/filter_unannotated.log'[/repr.filename]…
Finished STA for the min_ff_n40C_1v95 timing corner.
Logging subprocess to [repr.filename]'src/runs/aggressive/55-openroad-stapostpnr/min_ff_n40C_1v95/filter_unannotated.log'[/repr.filename]…
Finished STA for the max_tt_025C_1v80 timing corner.
Logging subprocess to [repr.filename]'src/runs/aggressive/55-openroad-stapostpnr/max_tt_025C_1v80/filter_unannotated.log'[/repr.filename]…
Finished STA for the nom_tt_025C_1v80 timing corner.
Logging subprocess to [repr.filename]'src/runs/aggressive/55-openroad-stapostpnr/nom_tt_025C_1v80/filter_unannotated.log'[/repr.filename]…
Starting STA for the max_ff_n40C_1v95 timing corner…
Logging subprocess to [repr.filename]'src/runs/aggressive/55-openroad-stapostpnr/max_ff_n40C_1v95/sta.log'[/repr.filename]…
Finished STA for the nom_ff_n40C_1v95 timing corner.
Finished STA for the min_tt_025C_1v80 timing corner.
Logging subprocess to [repr.filename]'src/runs/aggressive/55-openroad-stapostpnr/nom_ff_n40C_1v95/filter_unannotated.log'[/repr.filename]…
Logging subprocess to [repr.filename]'src/runs/aggressive/55-openroad-stapostpnr/min_tt_025C_1v80/filter_unannotated.log'[/repr.filename]…
Finished STA for the max_ff_n40C_1v95 timing corner.
Logging subprocess to [repr.filename]'src/runs/aggressive/55-openroad-stapostpnr/max_ff_n40C_1v95/filter_unannotated.log'[/repr.filename]…
Running 'OpenROAD.IRDropReport' at 'src/runs/aggressive/56-openroad-irdropreport'…
'VSRC_LOC_FILES' was not given a value, which may make the results of IR drop analysis inaccurate. If you are not integrating a top-level chip for manufacture, you may ignore this warning, otherwise, see the documentation for 'VSRC_LOC_FILES'.
Logging subprocess to [repr.filename]'src/runs/aggressive/56-openroad-irdropreport/openroad-irdropreport.log'[/repr.filename]…
[INFO PSM-0040] All shapes on net VPWR are connected.
########## IR report #################
Net              : VPWR
Corner           : nom_tt_025C_1v80
Supply voltage   : 1.80e+00 V
Worstcase voltage: 1.80e+00 V
Average voltage  : 1.80e+00 V
Average IR drop  : 9.09e-06 V
Worstcase IR drop: 1.26e-04 V
Percentage drop  : 0.01 %
######################################
[INFO PSM-0040] All shapes on net VGND are connected.
########## IR report #################
Net              : VGND
Corner           : nom_tt_025C_1v80
Supply voltage   : 0.00e+00 V
Worstcase voltage: 1.74e-04 V
Average voltage  : 9.14e-06 V
Average IR drop  : 9.14e-06 V
Worstcase IR drop: 1.74e-04 V
Percentage drop  : 0.01 %
######################################

Running 'Magic.StreamOut' at 'src/runs/aggressive/57-magic-streamout'…
Logging subprocess to [repr.filename]'src/runs/aggressive/57-magic-streamout/magic-streamout.log'[/repr.filename]…
Running 'KLayout.StreamOut' at 'src/runs/aggressive/58-klayout-streamout'…
Logging subprocess to [repr.filename]'src/runs/aggressive/58-klayout-streamout/klayout-streamout.log'[/repr.filename]…
Running 'Magic.WriteLEF' at 'src/runs/aggressive/59-magic-writelef'…
Logging subprocess to [repr.filename]'src/runs/aggressive/59-magic-writelef/magic-writelef.log'[/repr.filename]…
Running 'Odb.CheckDesignAntennaProperties' at 'src/runs/aggressive/60-odb-checkdesignantennaproperties'…
Logging subprocess to [repr.filename]'src/runs/aggressive/60-odb-checkdesignantennaproperties/odb-checkdesignantennaproperties.log'[/repr.filename]…
Cell 'tt_um_range_finder' has (7) input pin(s) without antenna gate information. They might not be connected to a gate.
Cell 'tt_um_range_finder' has (20) output pin(s) without antenna diffusion information. They might not be driven.
Gating variable for step 'KLayout.XOR' set to 'False'- the step will be skipped.
Skipping step 'KLayout vs. Magic XOR'…
Gating variable for step 'Checker.XOR' set to 'False'- the step will be skipped.
Skipping step 'XOR Difference Checker'…
Running 'Magic.DRC' at 'src/runs/aggressive/61-magic-drc'…
Logging subprocess to [repr.filename]'src/runs/aggressive/61-magic-drc/magic-drc.log'[/repr.filename]…
Gating variable for step 'KLayout.DRC' set to 'False'- the step will be skipped.
Skipping step 'Design Rule Check (KLayout)'…
Running 'Checker.MagicDRC' at 'src/runs/aggressive/62-checker-magicdrc'…
Check for Magic DRC errors clear.
Gating variable for step 'Checker.KLayoutDRC' set to 'False'- the step will be skipped.
Skipping step 'KLayout DRC Checker'…
Running 'Magic.SpiceExtraction' at 'src/runs/aggressive/63-magic-spiceextraction'…
Logging subprocess to [repr.filename]'src/runs/aggressive/63-magic-spiceextraction/magic-spiceextraction.log'[/repr.filename]…
Running 'Checker.IllegalOverlap' at 'src/runs/aggressive/64-checker-illegaloverlap'…
Check for Magic Illegal Overlap errors clear.
Running 'Netgen.LVS' at 'src/runs/aggressive/65-netgen-lvs'…
Logging subprocess to [repr.filename]'src/runs/aggressive/65-netgen-lvs/netgen-lvs.log'[/repr.filename]…
Running 'Checker.LVS' at 'src/runs/aggressive/66-checker-lvs'…
Check for LVS errors clear.
Gating variable for step 'Yosys.EQY' set to 'False'- the step will be skipped.
Skipping step 'Equivalence Check'…
Running 'Checker.SetupViolations' at 'src/runs/aggressive/67-checker-setupviolations'…
Setup violations found in the following corners:
* max_ss_100C_1v60
* min_ss_100C_1v60
* nom_ss_100C_1v60
No setup violations found
Running 'Checker.HoldViolations' at 'src/runs/aggressive/68-checker-holdviolations'…
No hold violations found
Running 'Checker.MaxSlewViolations' at 'src/runs/aggressive/69-checker-maxslewviolations'…
Max Slew violations found in the following corners:
* max_ss_100C_1v60
* min_ss_100C_1v60
* nom_ss_100C_1v60
No max slew violations found
Running 'Checker.MaxCapViolations' at 'src/runs/aggressive/70-checker-maxcapviolations'…
No max cap violations found
Running 'Misc.ReportManufacturability' at 'src/runs/aggressive/71-misc-reportmanufacturability'…
klayout__drc_error__count not reported. KLayout.DRC may have been skipped.
Saving views to '/mnt/d/aoc_tapeout/advent_of_fpga_2025_day_12_tiny_tapeout/src/runs/aggressive/final'…
Flow complete.
